# JRE version: Java(TM) SE Runtime Environment (8.0_171-b11) (build 1.8.0_171-b11)
# Java VM: Java HotSpot(TM) 64-Bit Server VM (25.171-b11 mixed mode windows-amd64 compressed oops)
Heap:
 PSYoungGen      total 18944K, used 1358K [0x00000000ebc00000, 0x00000000ecf80000, 0x0000000100000000)
  eden space 18432K, 6% used [0x00000000ebc00000,0x00000000ebd2ba40,0x00000000ece00000)
  from space 512K, 31% used [0x00000000ecf00000,0x00000000ecf28000,0x00000000ecf80000)
  to   space 512K, 0% used [0x00000000ece80000,0x00000000ece80000,0x00000000ecf00000)
 ParOldGen       total 24064K, used 9310K [0x00000000c3400000, 0x00000000c4b80000, 0x00000000ebc00000)
  object space 24064K, 38% used [0x00000000c3400000,0x00000000c3d17838,0x00000000c4b80000)
 Metaspace       used 16023K, capacity 16234K, committed 16384K, reserved 1062912K
  class space    used 1959K, capacity 2029K, committed 2048K, reserved 1048576K
GC Heap History (10 events):
Event: 356.203 GC heap before
{Heap before GC invocations=567 (full 0):
 PSYoungGen      total 18944K, used 18493K [0x00000000ebc00000, 0x00000000ecf80000, 0x0000000100000000)
  eden space 18432K, 99% used [0x00000000ebc00000,0x00000000ecdef4e8,0x00000000ece00000)
  from space 512K, 25% used [0x00000000ecf00000,0x00000000ecf20000,0x00000000ecf80000)
  to   space 512K, 0% used [0x00000000ece80000,0x00000000ece80000,0x00000000ecf00000)
 ParOldGen       total 42496K, used 39225K [0x00000000c3400000, 0x00000000c5d80000, 0x00000000ebc00000)
  object space 42496K, 92% used [0x00000000c3400000,0x00000000c5a4e638,0x00000000c5d80000)
 Metaspace       used 15870K, capacity 16106K, committed 16384K, reserved 1062912K
  class space    used 1955K, capacity 2029K, committed 2048K, reserved 1048576K
Event: 356.205 GC heap after
Heap after GC invocations=567 (full 0):
 PSYoungGen      total 18944K, used 96K [0x00000000ebc00000, 0x00000000ecf80000, 0x0000000100000000)
  eden space 18432K, 0% used [0x00000000ebc00000,0x00000000ebc00000,0x00000000ece00000)
  from space 512K, 18% used [0x00000000ece80000,0x00000000ece98000,0x00000000ecf00000)
  to   space 512K, 0% used [0x00000000ecf00000,0x00000000ecf00000,0x00000000ecf80000)
 ParOldGen       total 42496K, used 40133K [0x00000000c3400000, 0x00000000c5d80000, 0x00000000ebc00000)
  object space 42496K, 94% used [0x00000000c3400000,0x00000000c5b31680,0x00000000c5d80000)
 Metaspace       used 15870K, capacity 16106K, committed 16384K, reserved 1062912K
  class space    used 1955K, capacity 2029K, committed 2048K, reserved 1048576K
}
Event: 356.699 GC heap before
{Heap before GC invocations=568 (full 0):
 PSYoungGen      total 18944K, used 18461K [0x00000000ebc00000, 0x00000000ecf80000, 0x0000000100000000)
  eden space 18432K, 99% used [0x00000000ebc00000,0x00000000ecdef4e8,0x00000000ece00000)
  from space 512K, 18% used [0x00000000ece80000,0x00000000ece98000,0x00000000ecf00000)
  to   space 512K, 0% used [0x00000000ecf00000,0x00000000ecf00000,0x00000000ecf80000)
 ParOldGen       total 42496K, used 40133K [0x00000000c3400000, 0x00000000c5d80000, 0x00000000ebc00000)
  object space 42496K, 94% used [0x00000000c3400000,0x00000000c5b31680,0x00000000c5d80000)
 Metaspace       used 15870K, capacity 16106K, committed 16384K, reserved 1062912K
  class space    used 1955K, capacity 2029K, committed 2048K, reserved 1048576K
Event: 356.701 GC heap after
Heap after GC invocations=568 (full 0):
 PSYoungGen      total 18944K, used 128K [0x00000000ebc00000, 0x00000000ecf80000, 0x0000000100000000)
  eden space 18432K, 0% used [0x00000000ebc00000,0x00000000ebc00000,0x00000000ece00000)
  from space 512K, 25% used [0x00000000ecf00000,0x00000000ecf20000,0x00000000ecf80000)
  to   space 512K, 0% used [0x00000000ece80000,0x00000000ece80000,0x00000000ecf00000)
 ParOldGen       total 42496K, used 41041K [0x00000000c3400000, 0x00000000c5d80000, 0x00000000ebc00000)
  object space 42496K, 96% used [0x00000000c3400000,0x00000000c5c146c8,0x00000000c5d80000)
 Metaspace       used 15870K, capacity 16106K, committed 16384K, reserved 1062912K
  class space    used 1955K, capacity 2029K, committed 2048K, reserved 1048576K
}
Event: 357.211 GC heap before
{Heap before GC invocations=569 (full 0):
 PSYoungGen      total 18944K, used 18493K [0x00000000ebc00000, 0x00000000ecf80000, 0x0000000100000000)
  eden space 18432K, 99% used [0x00000000ebc00000,0x00000000ecdef4e0,0x00000000ece00000)
  from space 512K, 25% used [0x00000000ecf00000,0x00000000ecf20000,0x00000000ecf80000)
  to   space 512K, 0% used [0x00000000ece80000,0x00000000ece80000,0x00000000ecf00000)
 ParOldGen       total 42496K, used 41041K [0x00000000c3400000, 0x00000000c5d80000, 0x00000000ebc00000)
  object space 42496K, 96% used [0x00000000c3400000,0x00000000c5c146c8,0x00000000c5d80000)
 Metaspace       used 15870K, capacity 16106K, committed 16384K, reserved 1062912K
  class space    used 1955K, capacity 2029K, committed 2048K, reserved 1048576K
Event: 357.213 GC heap after
Heap after GC invocations=569 (full 0):
 PSYoungGen      total 18944K, used 128K [0x00000000ebc00000, 0x00000000ecf80000, 0x0000000100000000)
  eden space 18432K, 0% used [0x00000000ebc00000,0x00000000ebc00000,0x00000000ece00000)
  from space 512K, 25% used [0x00000000ece80000,0x00000000ecea0000,0x00000000ecf00000)
  to   space 512K, 0% used [0x00000000ecf00000,0x00000000ecf00000,0x00000000ecf80000)
 ParOldGen       total 42496K, used 41957K [0x00000000c3400000, 0x00000000c5d80000, 0x00000000ebc00000)
  object space 42496K, 98% used [0x00000000c3400000,0x00000000c5cf9710,0x00000000c5d80000)
 Metaspace       used 15870K, capacity 16106K, committed 16384K, reserved 1062912K
  class space    used 1955K, capacity 2029K, committed 2048K, reserved 1048576K
}
Event: 357.214 GC heap before
{Heap before GC invocations=570 (full 1):
 PSYoungGen      total 18944K, used 128K [0x00000000ebc00000, 0x00000000ecf80000, 0x0000000100000000)
  eden space 18432K, 0% used [0x00000000ebc00000,0x00000000ebc00000,0x00000000ece00000)
  from space 512K, 25% used [0x00000000ece80000,0x00000000ecea0000,0x00000000ecf00000)
  to   space 512K, 0% used [0x00000000ecf00000,0x00000000ecf00000,0x00000000ecf80000)
 ParOldGen       total 42496K, used 41957K [0x00000000c3400000, 0x00000000c5d80000, 0x00000000ebc00000)
  object space 42496K, 98% used [0x00000000c3400000,0x00000000c5cf9710,0x00000000c5d80000)
 Metaspace       used 15870K, capacity 16106K, committed 16384K, reserved 1062912K
  class space    used 1955K, capacity 2029K, committed 2048K, reserved 1048576K
Event: 357.360 GC heap after
Heap after GC invocations=570 (full 1):
 PSYoungGen      total 18944K, used 0K [0x00000000ebc00000, 0x00000000ecf80000, 0x0000000100000000)
  eden space 18432K, 0% used [0x00000000ebc00000,0x00000000ebc00000,0x00000000ece00000)
  from space 512K, 0% used [0x00000000ece80000,0x00000000ece80000,0x00000000ecf00000)
  to   space 512K, 0% used [0x00000000ecf00000,0x00000000ecf00000,0x00000000ecf80000)
 ParOldGen       total 24064K, used 6602K [0x00000000c3400000, 0x00000000c4b80000, 0x00000000ebc00000)
  object space 24064K, 27% used [0x00000000c3400000,0x00000000c3a72808,0x00000000c4b80000)
 Metaspace       used 15870K, capacity 16106K, committed 16384K, reserved 1062912K
  class space    used 1955K, capacity 2029K, committed 2048K, reserved 1048576K
}
Event: 723.023 GC heap before
{Heap before GC invocations=571 (full 1):
 PSYoungGen      total 18944K, used 18432K [0x00000000ebc00000, 0x00000000ecf80000, 0x0000000100000000)
  eden space 18432K, 100% used [0x00000000ebc00000,0x00000000ece00000,0x00000000ece00000)
  from space 512K, 0% used [0x00000000ece80000,0x00000000ece80000,0x00000000ecf00000)
  to   space 512K, 0% used [0x00000000ecf00000,0x00000000ecf00000,0x00000000ecf80000)
 ParOldGen       total 24064K, used 6602K [0x00000000c3400000, 0x00000000c4b80000, 0x00000000ebc00000)
  object space 24064K, 27% used [0x00000000c3400000,0x00000000c3a72808,0x00000000c4b80000)
 Metaspace       used 16016K, capacity 16234K, committed 16384K, reserved 1062912K
  class space    used 1958K, capacity 2029K, committed 2048K, reserved 1048576K
Event: 723.057 GC heap after
Heap after GC invocations=571 (full 1):
 PSYoungGen      total 18944K, used 160K [0x00000000ebc00000, 0x00000000ecf80000, 0x0000000100000000)
  eden space 18432K, 0% used [0x00000000ebc00000,0x00000000ebc00000,0x00000000ece00000)
  from space 512K, 31% used [0x00000000ecf00000,0x00000000ecf28000,0x00000000ecf80000)
  to   space 512K, 0% used [0x00000000ece80000,0x00000000ece80000,0x00000000ecf00000)
 ParOldGen       total 24064K, used 9310K [0x00000000c3400000, 0x00000000c4b80000, 0x00000000ebc00000)
  object space 24064K, 38% used [0x00000000c3400000,0x00000000c3d17838,0x00000000c4b80000)
 Metaspace       used 16016K, capacity 16234K, committed 16384K, reserved 1062912K
  class space    used 1958K, capacity 2029K, committed 2048K, reserved 1048576K
}

